<?xml version="1.0" encoding="UTF-8"?>
<!-- Generated by org.testng.reporters.JUnitXMLReporter -->
<testsuite hostname="sys" ignored="0" name="mvnProjectTestNG" tests="3" failures="0" timestamp="2020-04-20T10:38:14 CDT" time="39.106" errors="0">
  <testcase name="HomePageNavigation" time="7.449" classname="rahulshettyAcademy.HomePage"/>
  <testcase name="HomePageNavigation" time="6.737" classname="rahulshettyAcademy.HomePage"/>
  <testcase name="HomePageNavigation" time="0.161" classname="rahulshettyAcademy.ValidateTitle"/>
</testsuite> <!-- mvnProjectTestNG -->
