<?xml version="1.0" encoding="UTF-8"?>
<!-- Generated by org.testng.reporters.JUnitXMLReporter -->
<testsuite hostname="sys" ignored="0" name="validating title " tests="2" failures="1" timestamp="2020-05-11T06:16:13 CDT" time="10.698" errors="0">
  <testcase name="validateHeader" time="0.063" classname="rahulshettyAcademy.ValidateTitle"/>
  <testcase name="validateTitletext" time="0.033" classname="rahulshettyAcademy.ValidateTitle">
    <failure type="java.lang.AssertionError" message="expected [FEATURED COURSES123] but found [FEATURED COURSES]">
      <![CDATA[java.lang.AssertionError: expected [FEATURED COURSES123] but found [FEATURED COURSES]
at rahulshettyAcademy.ValidateTitle.validateTitletext(ValidateTitle.java:38)
at java.util.ArrayList.forEach(Unknown Source)
... Removed 32 stack frames]]>
    </failure>
  </testcase> <!-- validateTitletext -->
</testsuite> <!-- validating title  -->
