<?xml version="1.0" encoding="UTF-8"?>
<!-- Generated by org.testng.reporters.JUnitXMLReporter -->
<testsuite hostname="sys" ignored="0" name="mvnProjectTestNG" tests="3" failures="1" timestamp="2020-04-17T15:42:15 CDT" time="30.58" errors="0">
  <testcase name="HomePageNavigation" time="6.5" classname="rahulshettyAcademy.HomePage"/>
  <testcase name="HomePageNavigation" time="6.102" classname="rahulshettyAcademy.HomePage"/>
  <testcase name="HomePageNavigation" time="0.038" classname="rahulshettyAcademy.ValidateTitle">
    <failure type="java.lang.AssertionError" message="expected [FEATURED COURSES1] but found [FEATURED COURSES]">
      <![CDATA[java.lang.AssertionError: expected [FEATURED COURSES1] but found [FEATURED COURSES]
at rahulshettyAcademy.ValidateTitle.HomePageNavigation(ValidateTitle.java:36)
at java.util.ArrayList.forEach(ArrayList.java:1257)
... Removed 36 stack frames]]>
    </failure>
  </testcase> <!-- HomePageNavigation -->
</testsuite> <!-- mvnProjectTestNG -->
