<?xml version="1.0" encoding="UTF-8"?>
<testng-results skipped="0" failed="0" ignored="0" total="1" passed="1">
  <reporter-output>
  </reporter-output>
  <suite name="Suite" duration-ms="42818" started-at="2020-07-15T16:09:37 CDT" finished-at="2020-07-15T16:10:19 CDT">
    <groups>
      <group name="cucumber">
        <method signature="AbstractTestNGCucumberTests.feature(cucumber.api.testng.CucumberFeatureWrapper)[pri:0, instance:cucumberOptions.TestRunner@49fc609f]" name="feature" class="cucumber.api.testng.AbstractTestNGCucumberTests"/>
      </group> <!-- cucumber -->
    </groups>
    <test name="validating login" duration-ms="42818" started-at="2020-07-15T16:09:37 CDT" finished-at="2020-07-15T16:10:19 CDT">
      <class name="cucumberOptions.TestRunner">
        <test-method status="PASS" signature="setUpClass()[pri:0, instance:cucumberOptions.TestRunner@49fc609f]" name="setUpClass" is-config="true" duration-ms="224" started-at="2020-07-15T16:09:37 CDT" finished-at="2020-07-15T16:09:37 CDT">
          <reporter-output>
          </reporter-output>
        </test-method> <!-- setUpClass -->
        <test-method status="PASS" signature="feature(cucumber.api.testng.CucumberFeatureWrapper)[pri:0, instance:cucumberOptions.TestRunner@49fc609f]" name="feature" duration-ms="42461" started-at="2020-07-15T16:09:37 CDT" description="Runs Cucumber Feature" data-provider="features" finished-at="2020-07-15T16:10:19 CDT">
          <params>
            <param index="0">
              <value>
                <![CDATA[login in to the application]]>
              </value>
            </param>
          </params>
          <reporter-output>
          </reporter-output>
        </test-method> <!-- feature -->
        <test-method status="PASS" signature="tearDownClass()[pri:0, instance:cucumberOptions.TestRunner@49fc609f]" name="tearDownClass" is-config="true" duration-ms="3" started-at="2020-07-15T16:10:19 CDT" finished-at="2020-07-15T16:10:19 CDT">
          <reporter-output>
          </reporter-output>
        </test-method> <!-- tearDownClass -->
      </class> <!-- cucumberOptions.TestRunner -->
    </test> <!-- validating login -->
  </suite> <!-- Suite -->
</testng-results>
