<?xml version="1.0" encoding="UTF-8"?>
<testng-results skipped="0" failed="0" ignored="0" total="1" passed="1">
  <reporter-output>
  </reporter-output>
  <suite name="Suite" duration-ms="44909" started-at="2020-07-15T15:45:46 CDT" finished-at="2020-07-15T15:46:31 CDT">
    <groups>
      <group name="cucumber">
        <method signature="AbstractTestNGCucumberTests.feature(cucumber.api.testng.CucumberFeatureWrapper)[pri:0, instance:cucumberOptions.TestRunner@fad74ee]" name="feature" class="cucumber.api.testng.AbstractTestNGCucumberTests"/>
      </group> <!-- cucumber -->
    </groups>
    <test name="validating login" duration-ms="44909" started-at="2020-07-15T15:45:46 CDT" finished-at="2020-07-15T15:46:31 CDT">
      <class name="cucumberOptions.TestRunner">
        <test-method status="PASS" signature="setUpClass()[pri:0, instance:cucumberOptions.TestRunner@fad74ee]" name="setUpClass" is-config="true" duration-ms="397" started-at="2020-07-15T15:45:46 CDT" finished-at="2020-07-15T15:45:46 CDT">
          <reporter-output>
          </reporter-output>
        </test-method> <!-- setUpClass -->
        <test-method status="PASS" signature="feature(cucumber.api.testng.CucumberFeatureWrapper)[pri:0, instance:cucumberOptions.TestRunner@fad74ee]" name="feature" duration-ms="43989" started-at="2020-07-15T15:45:47 CDT" description="Runs Cucumber Feature" data-provider="features" finished-at="2020-07-15T15:46:31 CDT">
          <params>
            <param index="0">
              <value>
                <![CDATA[login in to the application]]>
              </value>
            </param>
          </params>
          <reporter-output>
          </reporter-output>
        </test-method> <!-- feature -->
        <test-method status="PASS" signature="tearDownClass()[pri:0, instance:cucumberOptions.TestRunner@fad74ee]" name="tearDownClass" is-config="true" duration-ms="4" started-at="2020-07-15T15:46:31 CDT" finished-at="2020-07-15T15:46:31 CDT">
          <reporter-output>
          </reporter-output>
        </test-method> <!-- tearDownClass -->
      </class> <!-- cucumberOptions.TestRunner -->
    </test> <!-- validating login -->
  </suite> <!-- Suite -->
</testng-results>
